[0m18:10:18.410089 [debug] [MainThread]: Sending event: {'category': 'dbt', 'action': 'invocation', 'label': 'start', 'context': [<snowplow_tracker.self_describing_json.SelfDescribingJson object at 0x00000256DE507350>, <snowplow_tracker.self_describing_json.SelfDescribingJson object at 0x00000256DDC3DBE0>, <snowplow_tracker.self_describing_json.SelfDescribingJson object at 0x00000256DDDA3EC0>]}


============================== 18:10:18.413090 | 5f3b3896-dfa0-47fc-b14f-342e20258920 ==============================
[0m18:10:18.413090 [info ] [MainThread]: Running with dbt=1.8.7
[0m18:10:18.414089 [debug] [MainThread]: running dbt with arguments {'printer_width': '80', 'indirect_selection': 'eager', 'write_json': 'True', 'log_cache_events': 'False', 'partial_parse': 'True', 'cache_selected_only': 'False', 'profiles_dir': 'C:\\Users\\Arjun\\.dbt', 'version_check': 'True', 'warn_error': 'None', 'log_path': 'logs', 'debug': 'False', 'fail_fast': 'False', 'use_colors': 'True', 'use_experimental_parser': 'False', 'empty': 'None', 'quiet': 'False', 'no_print': 'None', 'log_format': 'default', 'invocation_command': 'dbt init', 'introspect': 'True', 'static_parser': 'True', 'target_path': 'None', 'warn_error_options': 'WarnErrorOptions(include=[], exclude=[])', 'send_anonymous_usage_stats': 'True'}
[0m18:10:25.973793 [debug] [MainThread]: Starter project path: C:\Users\Arjun\AppData\Local\Programs\Python\Python312\Lib\site-packages\dbt\include\starter_project
[0m18:10:25.992797 [info ] [MainThread]: 
Your new dbt project "wmp_pipeline" was created!

For more information on how to configure the profiles.yml file,
please consult the dbt documentation here:

  https://docs.getdbt.com/docs/configure-your-profile

One more thing:

Need help? Don't hesitate to reach out to us via GitHub issues or on Slack:

  https://community.getdbt.com/

Happy modeling!

[0m18:10:25.994797 [info ] [MainThread]: Setting up your profile.
[0m18:13:23.784849 [info ] [MainThread]: Profile wmp_pipeline written to C:\Users\Arjun\.dbt\profiles.yml using target's profile_template.yml and your supplied values. Run 'dbt debug' to validate the connection.
[0m18:13:23.786850 [debug] [MainThread]: Command `dbt init` succeeded at 18:13:23.786850 after 185.46 seconds
[0m18:13:23.787850 [debug] [MainThread]: Sending event: {'category': 'dbt', 'action': 'invocation', 'label': 'end', 'context': [<snowplow_tracker.self_describing_json.SelfDescribingJson object at 0x00000256DEC5EE70>, <snowplow_tracker.self_describing_json.SelfDescribingJson object at 0x00000256F7688440>, <snowplow_tracker.self_describing_json.SelfDescribingJson object at 0x00000256F74F04A0>]}
[0m18:13:23.787850 [debug] [MainThread]: Flushing usage events
[0m18:20:56.768908 [debug] [MainThread]: Sending event: {'category': 'dbt', 'action': 'invocation', 'label': 'start', 'context': [<snowplow_tracker.self_describing_json.SelfDescribingJson object at 0x0000023406894560>, <snowplow_tracker.self_describing_json.SelfDescribingJson object at 0x00000234068960F0>, <snowplow_tracker.self_describing_json.SelfDescribingJson object at 0x0000023406894AA0>]}


============================== 18:20:56.772908 | 8340d459-6408-4db3-8529-574c06f5cf09 ==============================
[0m18:20:56.772908 [info ] [MainThread]: Running with dbt=1.8.7
[0m18:20:56.773909 [debug] [MainThread]: running dbt with arguments {'printer_width': '80', 'indirect_selection': 'eager', 'log_cache_events': 'False', 'write_json': 'True', 'partial_parse': 'True', 'cache_selected_only': 'False', 'profiles_dir': 'C:\\Users\\Arjun\\.dbt', 'debug': 'False', 'warn_error': 'None', 'log_path': 'logs', 'version_check': 'True', 'fail_fast': 'False', 'use_colors': 'True', 'use_experimental_parser': 'False', 'no_print': 'None', 'quiet': 'False', 'empty': 'None', 'warn_error_options': 'WarnErrorOptions(include=[], exclude=[])', 'static_parser': 'True', 'introspect': 'True', 'invocation_command': 'dbt deps', 'target_path': 'None', 'log_format': 'default', 'send_anonymous_usage_stats': 'True'}
[0m18:20:56.774909 [error] [MainThread]: Encountered an error:
Runtime Error
  No dbt_project.yml found at expected path C:\Users\Arjun\Desktop\github-repos\wmp-pipeline\dbt_project.yml
  Verify that each entry within packages.yml (and their transitive dependencies) contains a file named dbt_project.yml
  
[0m18:20:56.776910 [debug] [MainThread]: Command `dbt deps` failed at 18:20:56.775909 after 0.10 seconds
[0m18:20:56.776910 [debug] [MainThread]: Sending event: {'category': 'dbt', 'action': 'invocation', 'label': 'end', 'context': [<snowplow_tracker.self_describing_json.SelfDescribingJson object at 0x00000234071F3E90>, <snowplow_tracker.self_describing_json.SelfDescribingJson object at 0x0000023404D1CC80>, <snowplow_tracker.self_describing_json.SelfDescribingJson object at 0x00000234071C9A00>]}
[0m18:20:56.776910 [debug] [MainThread]: Flushing usage events
